<?xml version="1.0" encoding="UTF-8"?>
<testng-results skipped="0" failed="0" ignored="0" total="1" passed="1">
  <reporter-output>
  </reporter-output>
  <suite name="Default suite" duration-ms="15065" started-at="2020-03-22T22:56:25 ICT" finished-at="2020-03-22T22:56:40 ICT">
    <groups>
    </groups>
    <test name="Default test" duration-ms="15065" started-at="2020-03-22T22:56:25 ICT" finished-at="2020-03-22T22:56:40 ICT">
      <class name="tests.WorkspaceEWC">
        <test-method status="PASS" signature="Setup()[pri:0, instance:tests.WorkspaceEWC@578486a3]" name="Setup" is-config="true" duration-ms="5000" started-at="2020-03-22T22:56:25 ICT" finished-at="2020-03-22T22:56:30 ICT">
          <reporter-output>
          </reporter-output>
        </test-method> <!-- Setup -->
        <test-method status="PASS" signature="testSetup()[pri:0, instance:tests.WorkspaceEWC@578486a3]" name="testSetup" duration-ms="9994" started-at="2020-03-22T22:56:30 ICT" finished-at="2020-03-22T22:56:40 ICT">
          <reporter-output>
          </reporter-output>
        </test-method> <!-- testSetup -->
        <test-method status="PASS" signature="TearDown()[pri:0, instance:tests.WorkspaceEWC@578486a3]" name="TearDown" is-config="true" duration-ms="0" started-at="2020-03-22T22:56:40 ICT" finished-at="2020-03-22T22:56:40 ICT">
          <reporter-output>
          </reporter-output>
        </test-method> <!-- TearDown -->
      </class> <!-- tests.WorkspaceEWC -->
    </test> <!-- Default test -->
  </suite> <!-- Default suite -->
</testng-results>
